2025-03-05T15:34:09.309+05:30 ERROR 9740 --- [AddressBookApp] [restartedMain] o.h.engine.jdbc.spi.SqlExceptionHelper   : Unknown database 'address_book_db'
2025-03-05T15:34:09.756+05:30  WARN 9740 --- [AddressBookApp] [restartedMain] JpaBaseConfiguration$JpaWebConfiguration : spring.jpa.open-in-view is enabled by default. Therefore, database queries may be performed during view rendering. Explicitly configure spring.jpa.open-in-view to disable this warning
2025-03-05T15:34:32.294+05:30 ERROR 1012 --- [AddressBookApp] [restartedMain] o.h.engine.jdbc.spi.SqlExceptionHelper   : Unknown database 'address_book_db'
2025-03-05T15:34:32.703+05:30  WARN 1012 --- [AddressBookApp] [restartedMain] JpaBaseConfiguration$JpaWebConfiguration : spring.jpa.open-in-view is enabled by default. Therefore, database queries may be performed during view rendering. Explicitly configure spring.jpa.open-in-view to disable this warning
2025-03-05T15:57:54.617+05:30  INFO 7600 --- [AddressBookApp] [restartedMain] c.b.A.AddressBookAppApplication          : Starting AddressBookAppApplication using Java 22 with PID 7600 (C:\Capgemini-Address-Book-App\AddressBookApp\target\classes started by ayush tenguriya in C:\Capgemini-Address-Book-App\AddressBookApp)
2025-03-05T15:57:54.620+05:30  INFO 7600 --- [AddressBookApp] [restartedMain] c.b.A.AddressBookAppApplication          : No active profile set, falling back to 1 default profile: "default"
2025-03-05T15:57:54.739+05:30  INFO 7600 --- [AddressBookApp] [restartedMain] .e.DevToolsPropertyDefaultsPostProcessor : Devtools property defaults active! Set 'spring.devtools.add-properties' to 'false' to disable
2025-03-05T15:57:54.739+05:30  INFO 7600 --- [AddressBookApp] [restartedMain] .e.DevToolsPropertyDefaultsPostProcessor : For additional web related logging consider setting the 'logging.level.web' property to 'DEBUG'
2025-03-05T15:57:55.769+05:30  INFO 7600 --- [AddressBookApp] [restartedMain] .s.d.r.c.RepositoryConfigurationDelegate : Bootstrapping Spring Data JPA repositories in DEFAULT mode.
2025-03-05T15:57:55.798+05:30  INFO 7600 --- [AddressBookApp] [restartedMain] .s.d.r.c.RepositoryConfigurationDelegate : Finished Spring Data repository scanning in 17 ms. Found 0 JPA repository interfaces.
2025-03-05T15:57:57.045+05:30  INFO 7600 --- [AddressBookApp] [restartedMain] o.s.b.w.embedded.tomcat.TomcatWebServer  : Tomcat initialized with port 8080 (http)
2025-03-05T15:57:57.068+05:30  INFO 7600 --- [AddressBookApp] [restartedMain] o.apache.catalina.core.StandardService   : Starting service [Tomcat]
2025-03-05T15:57:57.068+05:30  INFO 7600 --- [AddressBookApp] [restartedMain] o.apache.catalina.core.StandardEngine    : Starting Servlet engine: [Apache Tomcat/10.1.36]
2025-03-05T15:57:57.129+05:30  INFO 7600 --- [AddressBookApp] [restartedMain] o.a.c.c.C.[Tomcat].[localhost].[/]       : Initializing Spring embedded WebApplicationContext
2025-03-05T15:57:57.130+05:30  INFO 7600 --- [AddressBookApp] [restartedMain] w.s.c.ServletWebServerApplicationContext : Root WebApplicationContext: initialization completed in 2390 ms
2025-03-05T15:57:57.387+05:30  INFO 7600 --- [AddressBookApp] [restartedMain] o.hibernate.jpa.internal.util.LogHelper  : HHH000204: Processing PersistenceUnitInfo [name: default]
2025-03-05T15:57:57.442+05:30  INFO 7600 --- [AddressBookApp] [restartedMain] org.hibernate.Version                    : HHH000412: Hibernate ORM core version 6.6.8.Final
2025-03-05T15:57:57.479+05:30  INFO 7600 --- [AddressBookApp] [restartedMain] o.h.c.internal.RegionFactoryInitiator    : HHH000026: Second-level cache disabled
2025-03-05T15:57:57.788+05:30  INFO 7600 --- [AddressBookApp] [restartedMain] o.s.o.j.p.SpringPersistenceUnitInfo      : No LoadTimeWeaver setup: ignoring JPA class transformer
2025-03-05T15:57:57.819+05:30  INFO 7600 --- [AddressBookApp] [restartedMain] com.zaxxer.hikari.HikariDataSource       : HikariPool-1 - Starting...
2025-03-05T15:57:58.259+05:30  INFO 7600 --- [AddressBookApp] [restartedMain] com.zaxxer.hikari.pool.HikariPool        : HikariPool-1 - Added connection com.mysql.cj.jdbc.ConnectionImpl@6940e001
2025-03-05T15:57:58.260+05:30  INFO 7600 --- [AddressBookApp] [restartedMain] com.zaxxer.hikari.HikariDataSource       : HikariPool-1 - Start completed.
2025-03-05T15:57:58.323+05:30  WARN 7600 --- [AddressBookApp] [restartedMain] org.hibernate.orm.deprecation            : HHH90000025: MySQLDialect does not need to be specified explicitly using 'hibernate.dialect' (remove the property setting and it will be selected by default)
2025-03-05T15:57:58.339+05:30  INFO 7600 --- [AddressBookApp] [restartedMain] org.hibernate.orm.connections.pooling    : HHH10001005: Database info:
	Database JDBC URL [Connecting through datasource 'HikariDataSource (HikariPool-1)']
	Database driver: undefined/unknown
	Database version: 8.0.36
	Autocommit mode: undefined/unknown
	Isolation level: undefined/unknown
	Minimum pool size: undefined/unknown
	Maximum pool size: undefined/unknown
2025-03-05T15:57:58.725+05:30  INFO 7600 --- [AddressBookApp] [restartedMain] o.h.e.t.j.p.i.JtaPlatformInitiator       : HHH000489: No JTA platform available (set 'hibernate.transaction.jta.platform' to enable JTA platform integration)
2025-03-05T15:57:58.730+05:30  INFO 7600 --- [AddressBookApp] [restartedMain] j.LocalContainerEntityManagerFactoryBean : Initialized JPA EntityManagerFactory for persistence unit 'default'
2025-03-05T15:57:58.820+05:30  WARN 7600 --- [AddressBookApp] [restartedMain] JpaBaseConfiguration$JpaWebConfiguration : spring.jpa.open-in-view is enabled by default. Therefore, database queries may be performed during view rendering. Explicitly configure spring.jpa.open-in-view to disable this warning
2025-03-05T15:57:59.430+05:30  INFO 7600 --- [AddressBookApp] [restartedMain] o.s.b.d.a.OptionalLiveReloadServer       : LiveReload server is running on port 35729
2025-03-05T15:57:59.551+05:30  INFO 7600 --- [AddressBookApp] [restartedMain] o.s.b.w.embedded.tomcat.TomcatWebServer  : Tomcat started on port 8080 (http) with context path '/'
2025-03-05T15:57:59.576+05:30  INFO 7600 --- [AddressBookApp] [restartedMain] c.b.A.AddressBookAppApplication          : Started AddressBookAppApplication in 5.67 seconds (process running for 6.338)
2025-03-05T15:57:59.584+05:30  INFO 7600 --- [AddressBookApp] [restartedMain] c.b.A.AddressBookAppApplication          : Address Book App Started in null environment
2025-03-05T15:57:59.586+05:30  INFO 7600 --- [AddressBookApp] [restartedMain] c.b.A.AddressBookAppApplication          : Address Book DB User is root 
2025-03-05T15:59:29.975+05:30  INFO 7600 --- [AddressBookApp] [SpringApplicationShutdownHook] o.s.b.w.e.tomcat.GracefulShutdown        : Commencing graceful shutdown. Waiting for active requests to complete
2025-03-05T15:59:29.982+05:30  INFO 7600 --- [AddressBookApp] [tomcat-shutdown] o.s.b.w.e.tomcat.GracefulShutdown        : Graceful shutdown complete
2025-03-05T15:59:29.986+05:30  INFO 7600 --- [AddressBookApp] [SpringApplicationShutdownHook] j.LocalContainerEntityManagerFactoryBean : Closing JPA EntityManagerFactory for persistence unit 'default'
2025-03-05T15:59:29.989+05:30  INFO 7600 --- [AddressBookApp] [SpringApplicationShutdownHook] com.zaxxer.hikari.HikariDataSource       : HikariPool-1 - Shutdown initiated...
2025-03-05T15:59:29.999+05:30  INFO 7600 --- [AddressBookApp] [SpringApplicationShutdownHook] com.zaxxer.hikari.HikariDataSource       : HikariPool-1 - Shutdown completed.
2025-03-05T15:59:32.518+05:30  INFO 18924 --- [AddressBookApp] [restartedMain] c.b.A.AddressBookAppApplication          : Starting AddressBookAppApplication using Java 22 with PID 18924 (C:\Capgemini-Address-Book-App\AddressBookApp\target\classes started by ayush tenguriya in C:\Capgemini-Address-Book-App\AddressBookApp)
2025-03-05T15:59:32.520+05:30  INFO 18924 --- [AddressBookApp] [restartedMain] c.b.A.AddressBookAppApplication          : No active profile set, falling back to 1 default profile: "default"
2025-03-05T15:59:32.629+05:30  INFO 18924 --- [AddressBookApp] [restartedMain] .e.DevToolsPropertyDefaultsPostProcessor : Devtools property defaults active! Set 'spring.devtools.add-properties' to 'false' to disable
2025-03-05T15:59:32.630+05:30  INFO 18924 --- [AddressBookApp] [restartedMain] .e.DevToolsPropertyDefaultsPostProcessor : For additional web related logging consider setting the 'logging.level.web' property to 'DEBUG'
2025-03-05T15:59:33.547+05:30  INFO 18924 --- [AddressBookApp] [restartedMain] .s.d.r.c.RepositoryConfigurationDelegate : Bootstrapping Spring Data JPA repositories in DEFAULT mode.
2025-03-05T15:59:33.577+05:30  INFO 18924 --- [AddressBookApp] [restartedMain] .s.d.r.c.RepositoryConfigurationDelegate : Finished Spring Data repository scanning in 19 ms. Found 0 JPA repository interfaces.
2025-03-05T15:59:34.311+05:30  INFO 18924 --- [AddressBookApp] [restartedMain] o.s.b.w.embedded.tomcat.TomcatWebServer  : Tomcat initialized with port 8080 (http)
2025-03-05T15:59:34.332+05:30  INFO 18924 --- [AddressBookApp] [restartedMain] o.apache.catalina.core.StandardService   : Starting service [Tomcat]
2025-03-05T15:59:34.332+05:30  INFO 18924 --- [AddressBookApp] [restartedMain] o.apache.catalina.core.StandardEngine    : Starting Servlet engine: [Apache Tomcat/10.1.36]
2025-03-05T15:59:34.384+05:30  INFO 18924 --- [AddressBookApp] [restartedMain] o.a.c.c.C.[Tomcat].[localhost].[/]       : Initializing Spring embedded WebApplicationContext
2025-03-05T15:59:34.384+05:30  INFO 18924 --- [AddressBookApp] [restartedMain] w.s.c.ServletWebServerApplicationContext : Root WebApplicationContext: initialization completed in 1753 ms
2025-03-05T15:59:34.625+05:30  INFO 18924 --- [AddressBookApp] [restartedMain] o.hibernate.jpa.internal.util.LogHelper  : HHH000204: Processing PersistenceUnitInfo [name: default]
2025-03-05T15:59:34.672+05:30  INFO 18924 --- [AddressBookApp] [restartedMain] org.hibernate.Version                    : HHH000412: Hibernate ORM core version 6.6.8.Final
2025-03-05T15:59:34.710+05:30  INFO 18924 --- [AddressBookApp] [restartedMain] o.h.c.internal.RegionFactoryInitiator    : HHH000026: Second-level cache disabled
2025-03-05T15:59:34.984+05:30  INFO 18924 --- [AddressBookApp] [restartedMain] o.s.o.j.p.SpringPersistenceUnitInfo      : No LoadTimeWeaver setup: ignoring JPA class transformer
2025-03-05T15:59:35.009+05:30  INFO 18924 --- [AddressBookApp] [restartedMain] com.zaxxer.hikari.HikariDataSource       : HikariPool-1 - Starting...
2025-03-05T15:59:35.386+05:30  INFO 18924 --- [AddressBookApp] [restartedMain] com.zaxxer.hikari.pool.HikariPool        : HikariPool-1 - Added connection com.mysql.cj.jdbc.ConnectionImpl@5c6f7fbf
2025-03-05T15:59:35.388+05:30  INFO 18924 --- [AddressBookApp] [restartedMain] com.zaxxer.hikari.HikariDataSource       : HikariPool-1 - Start completed.
2025-03-05T15:59:35.446+05:30  WARN 18924 --- [AddressBookApp] [restartedMain] org.hibernate.orm.deprecation            : HHH90000025: MySQLDialect does not need to be specified explicitly using 'hibernate.dialect' (remove the property setting and it will be selected by default)
2025-03-05T15:59:35.465+05:30  INFO 18924 --- [AddressBookApp] [restartedMain] org.hibernate.orm.connections.pooling    : HHH10001005: Database info:
	Database JDBC URL [Connecting through datasource 'HikariDataSource (HikariPool-1)']
	Database driver: undefined/unknown
	Database version: 8.0.36
	Autocommit mode: undefined/unknown
	Isolation level: undefined/unknown
	Minimum pool size: undefined/unknown
	Maximum pool size: undefined/unknown
2025-03-05T15:59:35.922+05:30  INFO 18924 --- [AddressBookApp] [restartedMain] o.h.e.t.j.p.i.JtaPlatformInitiator       : HHH000489: No JTA platform available (set 'hibernate.transaction.jta.platform' to enable JTA platform integration)
2025-03-05T15:59:35.928+05:30  INFO 18924 --- [AddressBookApp] [restartedMain] j.LocalContainerEntityManagerFactoryBean : Initialized JPA EntityManagerFactory for persistence unit 'default'
2025-03-05T15:59:36.068+05:30  WARN 18924 --- [AddressBookApp] [restartedMain] JpaBaseConfiguration$JpaWebConfiguration : spring.jpa.open-in-view is enabled by default. Therefore, database queries may be performed during view rendering. Explicitly configure spring.jpa.open-in-view to disable this warning
2025-03-05T15:59:36.783+05:30  INFO 18924 --- [AddressBookApp] [restartedMain] o.s.b.d.a.OptionalLiveReloadServer       : LiveReload server is running on port 35729
2025-03-05T15:59:36.818+05:30  INFO 18924 --- [AddressBookApp] [restartedMain] o.s.b.w.embedded.tomcat.TomcatWebServer  : Tomcat started on port 8080 (http) with context path '/'
2025-03-05T15:59:36.829+05:30  INFO 18924 --- [AddressBookApp] [restartedMain] c.b.A.AddressBookAppApplication          : Started AddressBookAppApplication in 4.943 seconds (process running for 5.506)
2025-03-05T15:59:36.833+05:30  INFO 18924 --- [AddressBookApp] [restartedMain] c.b.A.AddressBookAppApplication          : Address Book App Started in COMMON environment
2025-03-05T15:59:36.834+05:30  INFO 18924 --- [AddressBookApp] [restartedMain] c.b.A.AddressBookAppApplication          : Address Book DB User is root 
2025-03-05T16:00:56.503+05:30  INFO 18924 --- [AddressBookApp] [SpringApplicationShutdownHook] o.s.b.w.e.tomcat.GracefulShutdown        : Commencing graceful shutdown. Waiting for active requests to complete
2025-03-05T16:00:56.516+05:30  INFO 18924 --- [AddressBookApp] [tomcat-shutdown] o.s.b.w.e.tomcat.GracefulShutdown        : Graceful shutdown complete
2025-03-05T16:00:56.525+05:30  INFO 18924 --- [AddressBookApp] [SpringApplicationShutdownHook] j.LocalContainerEntityManagerFactoryBean : Closing JPA EntityManagerFactory for persistence unit 'default'
2025-03-05T16:00:56.533+05:30  INFO 18924 --- [AddressBookApp] [SpringApplicationShutdownHook] com.zaxxer.hikari.HikariDataSource       : HikariPool-1 - Shutdown initiated...
2025-03-05T16:00:56.559+05:30  INFO 18924 --- [AddressBookApp] [SpringApplicationShutdownHook] com.zaxxer.hikari.HikariDataSource       : HikariPool-1 - Shutdown completed.
2025-03-05T16:10:42.063+05:30  INFO 6912 --- [AddressBookApp] [restartedMain] c.b.A.AddressBookAppApplication          : Starting AddressBookAppApplication using Java 22 with PID 6912 (C:\Capgemini-Address-Book-App\AddressBookApp\target\classes started by ayush tenguriya in C:\Capgemini-Address-Book-App\AddressBookApp)
2025-03-05T16:10:42.066+05:30  INFO 6912 --- [AddressBookApp] [restartedMain] c.b.A.AddressBookAppApplication          : No active profile set, falling back to 1 default profile: "default"
2025-03-05T16:10:42.210+05:30  INFO 6912 --- [AddressBookApp] [restartedMain] .e.DevToolsPropertyDefaultsPostProcessor : Devtools property defaults active! Set 'spring.devtools.add-properties' to 'false' to disable
2025-03-05T16:10:42.211+05:30  INFO 6912 --- [AddressBookApp] [restartedMain] .e.DevToolsPropertyDefaultsPostProcessor : For additional web related logging consider setting the 'logging.level.web' property to 'DEBUG'
2025-03-05T16:10:43.592+05:30  INFO 6912 --- [AddressBookApp] [restartedMain] .s.d.r.c.RepositoryConfigurationDelegate : Bootstrapping Spring Data JPA repositories in DEFAULT mode.
2025-03-05T16:10:43.660+05:30  INFO 6912 --- [AddressBookApp] [restartedMain] .s.d.r.c.RepositoryConfigurationDelegate : Finished Spring Data repository scanning in 32 ms. Found 0 JPA repository interfaces.
2025-03-05T16:10:44.696+05:30  INFO 6912 --- [AddressBookApp] [restartedMain] o.s.b.w.embedded.tomcat.TomcatWebServer  : Tomcat initialized with port 8080 (http)
2025-03-05T16:10:44.762+05:30  INFO 6912 --- [AddressBookApp] [restartedMain] w.s.c.ServletWebServerApplicationContext : Root WebApplicationContext: initialization completed in 2550 ms
2025-03-05T16:10:45.044+05:30  INFO 6912 --- [AddressBookApp] [restartedMain] o.hibernate.jpa.internal.util.LogHelper  : HHH000204: Processing PersistenceUnitInfo [name: default]
2025-03-05T16:10:45.131+05:30  INFO 6912 --- [AddressBookApp] [restartedMain] org.hibernate.Version                    : HHH000412: Hibernate ORM core version 6.6.8.Final
2025-03-05T16:10:45.197+05:30  INFO 6912 --- [AddressBookApp] [restartedMain] o.h.c.internal.RegionFactoryInitiator    : HHH000026: Second-level cache disabled
2025-03-05T16:10:45.586+05:30  INFO 6912 --- [AddressBookApp] [restartedMain] o.s.o.j.p.SpringPersistenceUnitInfo      : No LoadTimeWeaver setup: ignoring JPA class transformer
2025-03-05T16:10:45.674+05:30  INFO 6912 --- [AddressBookApp] [restartedMain] com.zaxxer.hikari.HikariDataSource       : HikariPool-1 - Starting...
2025-03-05T16:12:50.197+05:30  INFO 22272 --- [AddressBookApp] [restartedMain] c.b.A.AddressBookAppApplication          : Starting AddressBookAppApplication using Java 22 with PID 22272 (C:\Capgemini-Address-Book-App\AddressBookApp\target\classes started by ayush tenguriya in C:\Capgemini-Address-Book-App\AddressBookApp)
2025-03-05T16:12:50.200+05:30  INFO 22272 --- [AddressBookApp] [restartedMain] c.b.A.AddressBookAppApplication          : No active profile set, falling back to 1 default profile: "default"
2025-03-05T16:12:50.319+05:30  INFO 22272 --- [AddressBookApp] [restartedMain] .e.DevToolsPropertyDefaultsPostProcessor : Devtools property defaults active! Set 'spring.devtools.add-properties' to 'false' to disable
2025-03-05T16:12:50.320+05:30  INFO 22272 --- [AddressBookApp] [restartedMain] .e.DevToolsPropertyDefaultsPostProcessor : For additional web related logging consider setting the 'logging.level.web' property to 'DEBUG'
2025-03-05T16:12:51.472+05:30  INFO 22272 --- [AddressBookApp] [restartedMain] .s.d.r.c.RepositoryConfigurationDelegate : Bootstrapping Spring Data JPA repositories in DEFAULT mode.
2025-03-05T16:12:51.527+05:30  INFO 22272 --- [AddressBookApp] [restartedMain] .s.d.r.c.RepositoryConfigurationDelegate : Finished Spring Data repository scanning in 23 ms. Found 0 JPA repository interfaces.
2025-03-05T16:12:52.375+05:30  INFO 22272 --- [AddressBookApp] [restartedMain] o.s.b.w.embedded.tomcat.TomcatWebServer  : Tomcat initialized with port 8080 (http)
2025-03-05T16:12:52.403+05:30  INFO 22272 --- [AddressBookApp] [restartedMain] o.apache.catalina.core.StandardService   : Starting service [Tomcat]
2025-03-05T16:12:52.403+05:30  INFO 22272 --- [AddressBookApp] [restartedMain] o.apache.catalina.core.StandardEngine    : Starting Servlet engine: [Apache Tomcat/10.1.36]
2025-03-05T16:12:52.498+05:30  INFO 22272 --- [AddressBookApp] [restartedMain] o.a.c.c.C.[Tomcat].[localhost].[/]       : Initializing Spring embedded WebApplicationContext
2025-03-05T16:12:52.499+05:30  INFO 22272 --- [AddressBookApp] [restartedMain] w.s.c.ServletWebServerApplicationContext : Root WebApplicationContext: initialization completed in 2176 ms
2025-03-05T16:12:52.775+05:30  INFO 22272 --- [AddressBookApp] [restartedMain] o.hibernate.jpa.internal.util.LogHelper  : HHH000204: Processing PersistenceUnitInfo [name: default]
2025-03-05T16:12:52.831+05:30  INFO 22272 --- [AddressBookApp] [restartedMain] org.hibernate.Version                    : HHH000412: Hibernate ORM core version 6.6.8.Final
2025-03-05T16:12:52.870+05:30  INFO 22272 --- [AddressBookApp] [restartedMain] o.h.c.internal.RegionFactoryInitiator    : HHH000026: Second-level cache disabled
2025-03-05T16:12:53.175+05:30  INFO 22272 --- [AddressBookApp] [restartedMain] o.s.o.j.p.SpringPersistenceUnitInfo      : No LoadTimeWeaver setup: ignoring JPA class transformer
2025-03-05T16:12:53.213+05:30  INFO 22272 --- [AddressBookApp] [restartedMain] com.zaxxer.hikari.HikariDataSource       : HikariPool-1 - Starting...
2025-03-05T16:12:53.631+05:30  INFO 22272 --- [AddressBookApp] [restartedMain] com.zaxxer.hikari.pool.HikariPool        : HikariPool-1 - Added connection com.mysql.cj.jdbc.ConnectionImpl@768530d8
2025-03-05T16:12:53.634+05:30  INFO 22272 --- [AddressBookApp] [restartedMain] com.zaxxer.hikari.HikariDataSource       : HikariPool-1 - Start completed.
2025-03-05T16:12:53.687+05:30  WARN 22272 --- [AddressBookApp] [restartedMain] org.hibernate.orm.deprecation            : HHH90000025: MySQLDialect does not need to be specified explicitly using 'hibernate.dialect' (remove the property setting and it will be selected by default)
2025-03-05T16:12:53.703+05:30  INFO 22272 --- [AddressBookApp] [restartedMain] org.hibernate.orm.connections.pooling    : HHH10001005: Database info:
	Database JDBC URL [Connecting through datasource 'HikariDataSource (HikariPool-1)']
	Database driver: undefined/unknown
	Database version: 8.0.36
	Autocommit mode: undefined/unknown
	Isolation level: undefined/unknown
	Minimum pool size: undefined/unknown
	Maximum pool size: undefined/unknown
2025-03-05T16:12:54.263+05:30  INFO 22272 --- [AddressBookApp] [restartedMain] o.h.e.t.j.p.i.JtaPlatformInitiator       : HHH000489: No JTA platform available (set 'hibernate.transaction.jta.platform' to enable JTA platform integration)
2025-03-05T16:12:54.270+05:30  INFO 22272 --- [AddressBookApp] [restartedMain] j.LocalContainerEntityManagerFactoryBean : Initialized JPA EntityManagerFactory for persistence unit 'default'
2025-03-05T16:12:54.369+05:30  WARN 22272 --- [AddressBookApp] [restartedMain] JpaBaseConfiguration$JpaWebConfiguration : spring.jpa.open-in-view is enabled by default. Therefore, database queries may be performed during view rendering. Explicitly configure spring.jpa.open-in-view to disable this warning
2025-03-05T16:12:54.807+05:30  INFO 22272 --- [AddressBookApp] [restartedMain] o.s.b.d.a.OptionalLiveReloadServer       : LiveReload server is running on port 35729
2025-03-05T16:12:54.841+05:30  INFO 22272 --- [AddressBookApp] [restartedMain] o.s.b.w.embedded.tomcat.TomcatWebServer  : Tomcat started on port 8080 (http) with context path '/'
2025-03-05T16:12:54.854+05:30  INFO 22272 --- [AddressBookApp] [restartedMain] c.b.A.AddressBookAppApplication          : Started AddressBookAppApplication in 5.272 seconds (process running for 5.905)
2025-03-05T16:12:54.858+05:30  INFO 22272 --- [AddressBookApp] [restartedMain] c.b.A.AddressBookAppApplication          : Address Book App Started in COMMON environment
2025-03-05T16:12:54.859+05:30  INFO 22272 --- [AddressBookApp] [restartedMain] c.b.A.AddressBookAppApplication          : Address Book DB User is root 
2025-03-05T16:13:23.630+05:30  INFO 22272 --- [AddressBookApp] [SpringApplicationShutdownHook] o.s.b.w.e.tomcat.GracefulShutdown        : Commencing graceful shutdown. Waiting for active requests to complete
2025-03-05T16:13:23.638+05:30  INFO 22272 --- [AddressBookApp] [tomcat-shutdown] o.s.b.w.e.tomcat.GracefulShutdown        : Graceful shutdown complete
2025-03-05T16:13:23.644+05:30  INFO 22272 --- [AddressBookApp] [SpringApplicationShutdownHook] j.LocalContainerEntityManagerFactoryBean : Closing JPA EntityManagerFactory for persistence unit 'default'
2025-03-05T16:13:23.650+05:30  INFO 22272 --- [AddressBookApp] [SpringApplicationShutdownHook] com.zaxxer.hikari.HikariDataSource       : HikariPool-1 - Shutdown initiated...
2025-03-05T16:13:23.661+05:30  INFO 22272 --- [AddressBookApp] [SpringApplicationShutdownHook] com.zaxxer.hikari.HikariDataSource       : HikariPool-1 - Shutdown completed.
2025-03-05T16:31:52.078+05:30  INFO 10012 --- [AddressBookApp] [restartedMain] c.b.A.AddressBookAppApplication          : Starting AddressBookAppApplication using Java 22 with PID 10012 (C:\Capgemini-Address-Book-App\AddressBookApp\target\classes started by ayush tenguriya in C:\Capgemini-Address-Book-App\AddressBookApp)
2025-03-05T16:31:52.088+05:30  INFO 10012 --- [AddressBookApp] [restartedMain] c.b.A.AddressBookAppApplication          : No active profile set, falling back to 1 default profile: "default"
2025-03-05T16:31:52.161+05:30  INFO 10012 --- [AddressBookApp] [restartedMain] .e.DevToolsPropertyDefaultsPostProcessor : Devtools property defaults active! Set 'spring.devtools.add-properties' to 'false' to disable
2025-03-05T16:31:52.161+05:30  INFO 10012 --- [AddressBookApp] [restartedMain] .e.DevToolsPropertyDefaultsPostProcessor : For additional web related logging consider setting the 'logging.level.web' property to 'DEBUG'
2025-03-05T16:31:53.356+05:30  INFO 10012 --- [AddressBookApp] [restartedMain] .s.d.r.c.RepositoryConfigurationDelegate : Bootstrapping Spring Data JPA repositories in DEFAULT mode.
2025-03-05T16:31:53.397+05:30  INFO 10012 --- [AddressBookApp] [restartedMain] .s.d.r.c.RepositoryConfigurationDelegate : Finished Spring Data repository scanning in 23 ms. Found 0 JPA repository interfaces.
2025-03-05T16:31:54.456+05:30  INFO 10012 --- [AddressBookApp] [restartedMain] o.s.b.w.embedded.tomcat.TomcatWebServer  : Tomcat initialized with port 8080 (http)
2025-03-05T16:31:54.477+05:30  INFO 10012 --- [AddressBookApp] [restartedMain] o.apache.catalina.core.StandardService   : Starting service [Tomcat]
2025-03-05T16:31:54.477+05:30  INFO 10012 --- [AddressBookApp] [restartedMain] o.apache.catalina.core.StandardEngine    : Starting Servlet engine: [Apache Tomcat/10.1.36]
2025-03-05T16:31:54.549+05:30  INFO 10012 --- [AddressBookApp] [restartedMain] o.a.c.c.C.[Tomcat].[localhost].[/]       : Initializing Spring embedded WebApplicationContext
2025-03-05T16:31:54.549+05:30  INFO 10012 --- [AddressBookApp] [restartedMain] w.s.c.ServletWebServerApplicationContext : Root WebApplicationContext: initialization completed in 2387 ms
2025-03-05T16:31:54.852+05:30  INFO 10012 --- [AddressBookApp] [restartedMain] o.hibernate.jpa.internal.util.LogHelper  : HHH000204: Processing PersistenceUnitInfo [name: default]
2025-03-05T16:31:54.965+05:30  INFO 10012 --- [AddressBookApp] [restartedMain] org.hibernate.Version                    : HHH000412: Hibernate ORM core version 6.6.8.Final
2025-03-05T16:31:55.016+05:30  INFO 10012 --- [AddressBookApp] [restartedMain] o.h.c.internal.RegionFactoryInitiator    : HHH000026: Second-level cache disabled
2025-03-05T16:31:55.431+05:30  INFO 10012 --- [AddressBookApp] [restartedMain] o.s.o.j.p.SpringPersistenceUnitInfo      : No LoadTimeWeaver setup: ignoring JPA class transformer
2025-03-05T16:31:55.472+05:30  INFO 10012 --- [AddressBookApp] [restartedMain] com.zaxxer.hikari.HikariDataSource       : HikariPool-1 - Starting...
2025-03-05T16:31:56.350+05:30  INFO 10012 --- [AddressBookApp] [restartedMain] com.zaxxer.hikari.pool.HikariPool        : HikariPool-1 - Added connection com.mysql.cj.jdbc.ConnectionImpl@592cbeee
2025-03-05T16:31:56.353+05:30  INFO 10012 --- [AddressBookApp] [restartedMain] com.zaxxer.hikari.HikariDataSource       : HikariPool-1 - Start completed.
2025-03-05T16:31:56.421+05:30  WARN 10012 --- [AddressBookApp] [restartedMain] org.hibernate.orm.deprecation            : HHH90000025: MySQLDialect does not need to be specified explicitly using 'hibernate.dialect' (remove the property setting and it will be selected by default)
2025-03-05T16:31:56.442+05:30  INFO 10012 --- [AddressBookApp] [restartedMain] org.hibernate.orm.connections.pooling    : HHH10001005: Database info:
	Database JDBC URL [Connecting through datasource 'HikariDataSource (HikariPool-1)']
	Database driver: undefined/unknown
	Database version: 8.0.36
	Autocommit mode: undefined/unknown
	Isolation level: undefined/unknown
	Minimum pool size: undefined/unknown
	Maximum pool size: undefined/unknown
2025-03-05T16:31:57.058+05:30  INFO 10012 --- [AddressBookApp] [restartedMain] o.h.e.t.j.p.i.JtaPlatformInitiator       : HHH000489: No JTA platform available (set 'hibernate.transaction.jta.platform' to enable JTA platform integration)
2025-03-05T16:31:57.064+05:30  INFO 10012 --- [AddressBookApp] [restartedMain] j.LocalContainerEntityManagerFactoryBean : Initialized JPA EntityManagerFactory for persistence unit 'default'
2025-03-05T16:31:57.170+05:30  WARN 10012 --- [AddressBookApp] [restartedMain] JpaBaseConfiguration$JpaWebConfiguration : spring.jpa.open-in-view is enabled by default. Therefore, database queries may be performed during view rendering. Explicitly configure spring.jpa.open-in-view to disable this warning
2025-03-05T16:31:57.798+05:30  INFO 10012 --- [AddressBookApp] [restartedMain] o.s.b.d.a.OptionalLiveReloadServer       : LiveReload server is running on port 35729
2025-03-05T16:31:57.849+05:30  INFO 10012 --- [AddressBookApp] [restartedMain] o.s.b.w.embedded.tomcat.TomcatWebServer  : Tomcat started on port 8080 (http) with context path '/'
2025-03-05T16:31:57.861+05:30  INFO 10012 --- [AddressBookApp] [restartedMain] c.b.A.AddressBookAppApplication          : Started AddressBookAppApplication in 6.55 seconds (process running for 7.349)
2025-03-05T16:31:57.866+05:30  INFO 10012 --- [AddressBookApp] [restartedMain] c.b.A.AddressBookAppApplication          : Address Book App Started in COMMON environment
2025-03-05T16:31:57.867+05:30  INFO 10012 --- [AddressBookApp] [restartedMain] c.b.A.AddressBookAppApplication          : Address Book DB User is root 
2025-03-05T16:32:04.148+05:30  INFO 10012 --- [AddressBookApp] [SpringApplicationShutdownHook] o.s.b.w.e.tomcat.GracefulShutdown        : Commencing graceful shutdown. Waiting for active requests to complete
2025-03-05T16:32:04.155+05:30  INFO 10012 --- [AddressBookApp] [tomcat-shutdown] o.s.b.w.e.tomcat.GracefulShutdown        : Graceful shutdown complete
2025-03-05T16:32:04.159+05:30  INFO 10012 --- [AddressBookApp] [SpringApplicationShutdownHook] j.LocalContainerEntityManagerFactoryBean : Closing JPA EntityManagerFactory for persistence unit 'default'
2025-03-05T16:32:04.162+05:30  INFO 10012 --- [AddressBookApp] [SpringApplicationShutdownHook] com.zaxxer.hikari.HikariDataSource       : HikariPool-1 - Shutdown initiated...
2025-03-05T16:32:04.170+05:30  INFO 10012 --- [AddressBookApp] [SpringApplicationShutdownHook] com.zaxxer.hikari.HikariDataSource       : HikariPool-1 - Shutdown completed.
2025-03-05T16:35:33.820+05:30  INFO 16220 --- [AddressBookApp] [restartedMain] c.b.A.AddressBookAppApplication          : Starting AddressBookAppApplication using Java 22 with PID 16220 (C:\Capgemini-Address-Book-App\AddressBookApp\target\classes started by ayush tenguriya in C:\Capgemini-Address-Book-App\AddressBookApp)
2025-03-05T16:35:33.825+05:30  INFO 16220 --- [AddressBookApp] [restartedMain] c.b.A.AddressBookAppApplication          : No active profile set, falling back to 1 default profile: "default"
2025-03-05T16:35:33.941+05:30  INFO 16220 --- [AddressBookApp] [restartedMain] .e.DevToolsPropertyDefaultsPostProcessor : Devtools property defaults active! Set 'spring.devtools.add-properties' to 'false' to disable
2025-03-05T16:35:33.963+05:30  INFO 16220 --- [AddressBookApp] [restartedMain] .e.DevToolsPropertyDefaultsPostProcessor : For additional web related logging consider setting the 'logging.level.web' property to 'DEBUG'
2025-03-05T16:35:35.079+05:30  INFO 16220 --- [AddressBookApp] [restartedMain] .s.d.r.c.RepositoryConfigurationDelegate : Bootstrapping Spring Data JPA repositories in DEFAULT mode.
2025-03-05T16:35:35.110+05:30  INFO 16220 --- [AddressBookApp] [restartedMain] .s.d.r.c.RepositoryConfigurationDelegate : Finished Spring Data repository scanning in 18 ms. Found 0 JPA repository interfaces.
2025-03-05T16:35:36.058+05:30  INFO 16220 --- [AddressBookApp] [restartedMain] o.s.b.w.embedded.tomcat.TomcatWebServer  : Tomcat initialized with port 8080 (http)
2025-03-05T16:35:36.076+05:30  INFO 16220 --- [AddressBookApp] [restartedMain] o.apache.catalina.core.StandardService   : Starting service [Tomcat]
2025-03-05T16:35:36.077+05:30  INFO 16220 --- [AddressBookApp] [restartedMain] o.apache.catalina.core.StandardEngine    : Starting Servlet engine: [Apache Tomcat/10.1.36]
2025-03-05T16:35:36.122+05:30  INFO 16220 --- [AddressBookApp] [restartedMain] o.a.c.c.C.[Tomcat].[localhost].[/]       : Initializing Spring embedded WebApplicationContext
2025-03-05T16:35:36.123+05:30  INFO 16220 --- [AddressBookApp] [restartedMain] w.s.c.ServletWebServerApplicationContext : Root WebApplicationContext: initialization completed in 2155 ms
2025-03-05T16:35:36.395+05:30  INFO 16220 --- [AddressBookApp] [restartedMain] o.hibernate.jpa.internal.util.LogHelper  : HHH000204: Processing PersistenceUnitInfo [name: default]
2025-03-05T16:35:36.481+05:30  INFO 16220 --- [AddressBookApp] [restartedMain] org.hibernate.Version                    : HHH000412: Hibernate ORM core version 6.6.8.Final
2025-03-05T16:35:36.527+05:30  INFO 16220 --- [AddressBookApp] [restartedMain] o.h.c.internal.RegionFactoryInitiator    : HHH000026: Second-level cache disabled
2025-03-05T16:35:36.909+05:30  INFO 16220 --- [AddressBookApp] [restartedMain] o.s.o.j.p.SpringPersistenceUnitInfo      : No LoadTimeWeaver setup: ignoring JPA class transformer
2025-03-05T16:35:36.948+05:30  INFO 16220 --- [AddressBookApp] [restartedMain] com.zaxxer.hikari.HikariDataSource       : HikariPool-1 - Starting...
2025-03-05T16:35:37.401+05:30  INFO 16220 --- [AddressBookApp] [restartedMain] com.zaxxer.hikari.pool.HikariPool        : HikariPool-1 - Added connection com.mysql.cj.jdbc.ConnectionImpl@2d6fb917
2025-03-05T16:35:37.404+05:30  INFO 16220 --- [AddressBookApp] [restartedMain] com.zaxxer.hikari.HikariDataSource       : HikariPool-1 - Start completed.
2025-03-05T16:35:37.470+05:30  WARN 16220 --- [AddressBookApp] [restartedMain] org.hibernate.orm.deprecation            : HHH90000025: MySQLDialect does not need to be specified explicitly using 'hibernate.dialect' (remove the property setting and it will be selected by default)
2025-03-05T16:35:37.490+05:30  INFO 16220 --- [AddressBookApp] [restartedMain] org.hibernate.orm.connections.pooling    : HHH10001005: Database info:
	Database JDBC URL [Connecting through datasource 'HikariDataSource (HikariPool-1)']
	Database driver: undefined/unknown
	Database version: 8.0.36
	Autocommit mode: undefined/unknown
	Isolation level: undefined/unknown
	Minimum pool size: undefined/unknown
	Maximum pool size: undefined/unknown
2025-03-05T16:35:38.005+05:30  INFO 16220 --- [AddressBookApp] [restartedMain] o.h.e.t.j.p.i.JtaPlatformInitiator       : HHH000489: No JTA platform available (set 'hibernate.transaction.jta.platform' to enable JTA platform integration)
2025-03-05T16:35:38.009+05:30  INFO 16220 --- [AddressBookApp] [restartedMain] j.LocalContainerEntityManagerFactoryBean : Initialized JPA EntityManagerFactory for persistence unit 'default'
2025-03-05T16:35:38.143+05:30  WARN 16220 --- [AddressBookApp] [restartedMain] JpaBaseConfiguration$JpaWebConfiguration : spring.jpa.open-in-view is enabled by default. Therefore, database queries may be performed during view rendering. Explicitly configure spring.jpa.open-in-view to disable this warning
2025-03-05T16:35:38.698+05:30  INFO 16220 --- [AddressBookApp] [restartedMain] o.s.b.d.a.OptionalLiveReloadServer       : LiveReload server is running on port 35729
2025-03-05T16:35:38.752+05:30  INFO 16220 --- [AddressBookApp] [restartedMain] o.s.b.w.embedded.tomcat.TomcatWebServer  : Tomcat started on port 8080 (http) with context path '/'
2025-03-05T16:35:38.765+05:30  INFO 16220 --- [AddressBookApp] [restartedMain] c.b.A.AddressBookAppApplication          : Started AddressBookAppApplication in 5.652 seconds (process running for 6.394)
2025-03-05T16:35:38.773+05:30  INFO 16220 --- [AddressBookApp] [restartedMain] c.b.A.AddressBookAppApplication          : Address Book App Started in COMMON environment
2025-03-05T16:35:38.774+05:30  INFO 16220 --- [AddressBookApp] [restartedMain] c.b.A.AddressBookAppApplication          : Address Book DB User is root 
2025-03-05T16:35:50.702+05:30  INFO 16220 --- [AddressBookApp] [http-nio-8080-exec-1] o.a.c.c.C.[Tomcat].[localhost].[/]       : Initializing Spring DispatcherServlet 'dispatcherServlet'
2025-03-05T16:35:50.702+05:30  INFO 16220 --- [AddressBookApp] [http-nio-8080-exec-1] o.s.web.servlet.DispatcherServlet        : Initializing Servlet 'dispatcherServlet'
2025-03-05T16:35:50.703+05:30  INFO 16220 --- [AddressBookApp] [http-nio-8080-exec-1] o.s.web.servlet.DispatcherServlet        : Completed initialization in 1 ms
2025-03-05T16:36:00.994+05:30  WARN 16220 --- [AddressBookApp] [http-nio-8080-exec-4] .m.m.a.ExceptionHandlerExceptionResolver : Resolved [org.springframework.web.bind.MethodArgumentNotValidException: Validation failed for argument [0] in public org.springframework.http.ResponseEntity<com.bridgelabz.AddressBookApp.model.ContactData> com.bridgelabz.AddressBookApp.controller.AddressBookRestController.creatingUser(com.bridgelabz.AddressBookApp.dto.ContactDTO): [Field error in object 'contactDTO' on field 'name': rejected value [anush Tenguriya 1]; codes [Pattern.contactDTO.name,Pattern.name,Pattern.java.lang.String,Pattern]; arguments [org.springframework.context.support.DefaultMessageSourceResolvable: codes [contactDTO.name,name]; arguments []; default message [name],[Ljakarta.validation.constraints.Pattern$Flag;@44db5ebd,^[A-Za-z ]{3,50}$]; default message [Name must contain only letters and spaces (3-50 characters).]] ]
2025-03-05T16:36:22.904+05:30  INFO 16220 --- [AddressBookApp] [SpringApplicationShutdownHook] o.s.b.w.e.tomcat.GracefulShutdown        : Commencing graceful shutdown. Waiting for active requests to complete
2025-03-05T16:36:22.909+05:30  INFO 16220 --- [AddressBookApp] [tomcat-shutdown] o.s.b.w.e.tomcat.GracefulShutdown        : Graceful shutdown complete
2025-03-05T16:36:22.914+05:30  INFO 16220 --- [AddressBookApp] [SpringApplicationShutdownHook] j.LocalContainerEntityManagerFactoryBean : Closing JPA EntityManagerFactory for persistence unit 'default'
2025-03-05T16:36:22.918+05:30  INFO 16220 --- [AddressBookApp] [SpringApplicationShutdownHook] com.zaxxer.hikari.HikariDataSource       : HikariPool-1 - Shutdown initiated...
2025-03-05T16:36:22.927+05:30  INFO 16220 --- [AddressBookApp] [SpringApplicationShutdownHook] com.zaxxer.hikari.HikariDataSource       : HikariPool-1 - Shutdown completed.
